12:16:41 INFO Configuration:
name: search/rand/5
seed: 1

log_level: info
report_interval: 10
eval_interval: 50
save_interval: 50

data_path: data/rand
train_sets:
  - name: 5-21
    samples: 2000
    max_tries: 5
    max_flips: 50
    iterations: 10000

eval_set:
  name: 10-43
  samples: 10
  max_tries: 25
  max_flips: 100

model_path: False

gnn_hidden_size: 32
readout_hidden_size: 64

cycles: 1
optimizer: RMSprop
lr: 0.001
lr_milestones: [200, 500, 1000, 5000]
lr_decay: 0.5

method: a2c
a2c_n: 0
discount: 0.99
walk_prob: 0.5

12:16:41 INFO Device: cpu
12:16:41 INFO Loaded 1001 training problems from data/rand
12:16:41 INFO Loaded 10 evaluation problems from data/rand
12:16:41 INFO Cycle: 1
12:16:41 INFO Train set: 5-21
12:18:18 INFO (Eval)    Acc:       0.00,  Flips:     100.00 (med) /      90.54 (mean) /     100.00 (max)
12:18:18 INFO Saving best model parameters
12:18:24 INFO Iter:     10,  Acc:     100.00,  Flips:      12.50 (med) /      18.04 (mean) /      37.10 (max)
12:18:30 INFO Iter:     20,  Acc:     100.00,  Flips:      12.50 (med) /      18.12 (mean) /      34.10 (max)
12:18:36 INFO Iter:     30,  Acc:      90.00,  Flips:      10.00 (med) /      17.74 (mean) /      34.40 (max)
12:18:44 INFO Iter:     40,  Acc:      80.00,  Flips:      20.00 (med) /      24.18 (mean) /      38.30 (max)
12:18:52 INFO Iter:     50,  Acc:      90.00,  Flips:      17.00 (med) /      22.42 (mean) /      41.20 (max)
12:18:52 INFO Saving last model parameters
12:18:52 INFO Saving stats
12:20:19 INFO (Eval)    Acc:      20.00,  Flips:     100.00 (med) /      82.52 (mean) /     100.00 (max)
12:20:19 INFO Saving best model parameters
12:20:27 INFO Iter:     60,  Acc:     100.00,  Flips:      12.50 (med) /      15.64 (mean) /      30.10 (max)
12:20:34 INFO Iter:     70,  Acc:     100.00,  Flips:       8.00 (med) /      11.86 (mean) /      28.10 (max)
12:20:41 INFO Iter:     80,  Acc:     100.00,  Flips:      13.00 (med) /      15.58 (mean) /      30.40 (max)
12:20:48 INFO Iter:     90,  Acc:      90.00,  Flips:      10.50 (med) /      18.28 (mean) /      40.80 (max)
12:20:55 INFO Iter:    100,  Acc:      90.00,  Flips:      13.00 (med) /      16.90 (mean) /      32.40 (max)
12:20:55 INFO Saving last model parameters
12:20:55 INFO Saving stats
12:22:11 INFO (Eval)    Acc:      40.00,  Flips:     100.00 (med) /      76.03 (mean) /     100.00 (max)
12:22:11 INFO Saving best model parameters
12:22:18 INFO Iter:    110,  Acc:      90.00,  Flips:       8.50 (med) /      18.30 (mean) /      32.60 (max)
12:22:26 INFO Iter:    120,  Acc:     100.00,  Flips:      10.00 (med) /      18.98 (mean) /      37.50 (max)
12:22:34 INFO Iter:    130,  Acc:      80.00,  Flips:      22.50 (med) /      23.18 (mean) /      37.40 (max)
12:22:41 INFO Iter:    140,  Acc:      80.00,  Flips:      14.50 (med) /      20.70 (mean) /      36.30 (max)
12:22:48 INFO Iter:    150,  Acc:     100.00,  Flips:      10.00 (med) /      16.72 (mean) /      33.70 (max)
12:22:48 INFO Saving last model parameters
12:22:48 INFO Saving stats
12:24:17 INFO (Eval)    Acc:      30.00,  Flips:     100.00 (med) /      81.14 (mean) /     100.00 (max)
12:24:24 INFO Iter:    160,  Acc:     100.00,  Flips:      11.00 (med) /      17.40 (mean) /      32.00 (max)
12:24:33 INFO Iter:    170,  Acc:     100.00,  Flips:      15.50 (med) /      19.42 (mean) /      40.80 (max)
